This file contains any messages produced by compilers while
running configure, to aid debugging if configure makes a mistake.

It was created by ior configure 3.3.0, which was
generated by GNU Autoconf 2.69.  Invocation command line was

  $ ./configure 

## --------- ##
## Platform. ##
## --------- ##

hostname = dashlab3
uname -m = x86_64
uname -r = 5.15.0-69-generic
uname -s = Linux
uname -v = #76~20.04.1-Ubuntu SMP Mon Mar 20 15:54:19 UTC 2023

/usr/bin/uname -p = x86_64
/bin/uname -X     = unknown

/bin/arch              = x86_64
/usr/bin/arch -k       = unknown
/usr/convex/getsysinfo = unknown
/usr/bin/hostinfo      = unknown
/bin/machine           = unknown
/usr/bin/oslevel       = unknown
/bin/universe          = unknown

PATH: /usr/local/sbin
PATH: /usr/local/bin
PATH: /usr/sbin
PATH: /usr/bin
PATH: /sbin
PATH: /bin
PATH: /snap/bin


## ----------- ##
## Core tests. ##
## ----------- ##

configure:2364: checking metadata
configure:2537: result: yes
configure:2579: checking build system type
configure:2593: result: x86_64-pc-linux-gnu
configure:2613: checking host system type
configure:2626: result: x86_64-pc-linux-gnu
configure:2664: checking for a BSD-compatible install
configure:2732: result: /usr/bin/install -c
configure:2743: checking whether build environment is sane
configure:2798: result: yes
configure:2947: checking for a thread-safe mkdir -p
configure:2986: result: /usr/bin/mkdir -p
configure:2993: checking for gawk
configure:3009: found /usr/bin/gawk
configure:3020: result: gawk
configure:3031: checking whether make sets $(MAKE)
configure:3053: result: yes
configure:3082: checking whether make supports nested variables
configure:3099: result: yes
configure:3227: checking whether make supports nested variables
configure:3244: result: yes
configure:3256: checking whether to enable maintainer-specific portions of Makefiles
configure:3265: result: no
configure:3297: checking whether make supports the include directive
configure:3312: make -f confmf.GNU && cat confinc.out
make: Warning: File 'confinc.mk' has modification time 5.1 s in the future
make: warning:  Clock skew detected.  Your build may be incomplete.
this is the am__doit target
configure:3315: $? = 0
configure:3334: result: yes (GNU style)
configure:3412: checking for mpicc
configure:3428: found /usr/bin/mpicc
configure:3439: result: mpicc
configure:3513: checking for gcc
configure:3540: result: mpicc
configure:3769: checking for C compiler version
configure:3778: mpicc --version >&5
gcc (Ubuntu 9.4.0-1ubuntu1~20.04.1) 9.4.0
Copyright (C) 2019 Free Software Foundation, Inc.
This is free software; see the source for copying conditions.  There is NO
warranty; not even for MERCHANTABILITY or FITNESS FOR A PARTICULAR PURPOSE.

configure:3789: $? = 0
configure:3778: mpicc -v >&5
Using built-in specs.
COLLECT_GCC=/usr/bin/gcc
COLLECT_LTO_WRAPPER=/usr/lib/gcc/x86_64-linux-gnu/9/lto-wrapper
OFFLOAD_TARGET_NAMES=nvptx-none:hsa
OFFLOAD_TARGET_DEFAULT=1
Target: x86_64-linux-gnu
Configured with: ../src/configure -v --with-pkgversion='Ubuntu 9.4.0-1ubuntu1~20.04.1' --with-bugurl=file:///usr/share/doc/gcc-9/README.Bugs --enable-languages=c,ada,c++,go,brig,d,fortran,objc,obj-c++,gm2 --prefix=/usr --with-gcc-major-version-only --program-suffix=-9 --program-prefix=x86_64-linux-gnu- --enable-shared --enable-linker-build-id --libexecdir=/usr/lib --without-included-gettext --enable-threads=posix --libdir=/usr/lib --enable-nls --enable-clocale=gnu --enable-libstdcxx-debug --enable-libstdcxx-time=yes --with-default-libstdcxx-abi=new --enable-gnu-unique-object --disable-vtable-verify --enable-plugin --enable-default-pie --with-system-zlib --with-target-system-zlib=auto --enable-objc-gc=auto --enable-multiarch --disable-werror --with-arch-32=i686 --with-abi=m64 --with-multilib-list=m32,m64,mx32 --enable-multilib --with-tune=generic --enable-offload-targets=nvptx-none=/build/gcc-9-Av3uEd/gcc-9-9.4.0/debian/tmp-nvptx/usr,hsa --without-cuda-driver --enable-checking=release --build=x86_64-linux-gnu --host=x86_64-linux-gnu --target=x86_64-linux-gnu
Thread model: posix
gcc version 9.4.0 (Ubuntu 9.4.0-1ubuntu1~20.04.1) 
configure:3789: $? = 0
configure:3778: mpicc -V >&5
gcc: error: unrecognized command line option '-V'
gcc: fatal error: no input files
compilation terminated.
configure:3789: $? = 1
configure:3778: mpicc -qversion >&5
gcc: error: unrecognized command line option '-qversion'; did you mean '--version'?
gcc: fatal error: no input files
compilation terminated.
configure:3789: $? = 1
configure:3809: checking whether the C compiler works
configure:3831: mpicc    conftest.c  >&5
configure:3835: $? = 0
configure:3883: result: yes
configure:3886: checking for C compiler default output file name
configure:3888: result: a.out
configure:3894: checking for suffix of executables
configure:3901: mpicc -o conftest    conftest.c  >&5
configure:3905: $? = 0
configure:3927: result: 
configure:3949: checking whether we are cross compiling
configure:3957: mpicc -o conftest    conftest.c  >&5
configure:3961: $? = 0
configure:3968: ./conftest
configure:3972: $? = 0
configure:3960: result: no
configure:3965: checking for suffix of object files
configure:3987: mpicc -c   conftest.c >&5
configure:3991: $? = 0
configure:4012: result: o
configure:4016: checking whether we are using the GNU C compiler
configure:4035: mpicc -c   conftest.c >&5
configure:4035: $? = 0
configure:4044: result: yes
configure:4053: checking whether mpicc accepts -g
configure:4073: mpicc -c -g  conftest.c >&5
configure:4073: $? = 0
configure:4114: result: yes
configure:4131: checking for mpicc option to accept ISO C89
configure:4194: mpicc  -c -g -O2  conftest.c >&5
configure:4194: $? = 0
configure:4207: result: none needed
configure:4232: checking whether mpicc understands -c and -o together
configure:4254: mpicc -c conftest.c -o conftest2.o
configure:4257: $? = 0
configure:4254: mpicc -c conftest.c -o conftest2.o
configure:4257: $? = 0
configure:4269: result: yes
configure:4288: checking dependency style of mpicc
configure:4399: result: gcc3
configure:4441: checking for function MPI_Init
configure:4466: mpicc -o conftest -g -O2   conftest.c  >&5
configure:4466: $? = 0
configure:4473: result: yes
configure:4484: checking for mpi.h
configure:4497: mpicc -c -g -O2  conftest.c >&5
configure:4497: $? = 0
configure:4498: result: yes
configure:4583: checking for ranlib
configure:4599: found /usr/bin/ranlib
configure:4610: result: ranlib
configure:4633: checking for mpicc option to accept ISO C99
configure:4782: mpicc  -c -g -O2  conftest.c >&5
configure:4782: $? = 0
configure:4795: result: none needed
configure:4819: checking how to run the C preprocessor
configure:4850: mpicc -E  conftest.c
configure:4850: $? = 0
configure:4864: mpicc -E  conftest.c
conftest.c:14:10: fatal error: ac_nonexistent.h: No such file or directory
   14 | #include <ac_nonexistent.h>
      |          ^~~~~~~~~~~~~~~~~~
compilation terminated.
configure:4864: $? = 1
configure: failed program was:
| /* confdefs.h */
| #define PACKAGE_NAME "ior"
| #define PACKAGE_TARNAME "ior"
| #define PACKAGE_VERSION "3.3.0"
| #define PACKAGE_STRING "ior 3.3.0"
| #define PACKAGE_BUGREPORT ""
| #define PACKAGE_URL ""
| #define META_NAME "ior"
| #define META_VERSION "3.3.0"
| #define META_RELEASE "0"
| #define META_ALIAS "ior-3.3.0-0"
| #define HAVE_MPI 1
| /* end confdefs.h.  */
| #include <ac_nonexistent.h>
configure:4889: result: mpicc -E
configure:4909: mpicc -E  conftest.c
configure:4909: $? = 0
configure:4923: mpicc -E  conftest.c
conftest.c:14:10: fatal error: ac_nonexistent.h: No such file or directory
   14 | #include <ac_nonexistent.h>
      |          ^~~~~~~~~~~~~~~~~~
compilation terminated.
configure:4923: $? = 1
configure: failed program was:
| /* confdefs.h */
| #define PACKAGE_NAME "ior"
| #define PACKAGE_TARNAME "ior"
| #define PACKAGE_VERSION "3.3.0"
| #define PACKAGE_STRING "ior 3.3.0"
| #define PACKAGE_BUGREPORT ""
| #define PACKAGE_URL ""
| #define META_NAME "ior"
| #define META_VERSION "3.3.0"
| #define META_RELEASE "0"
| #define META_ALIAS "ior-3.3.0-0"
| #define HAVE_MPI 1
| /* end confdefs.h.  */
| #include <ac_nonexistent.h>
configure:4952: checking for grep that handles long lines and -e
configure:5010: result: /usr/bin/grep
configure:5015: checking for egrep
configure:5077: result: /usr/bin/grep -E
configure:5082: checking for ANSI C header files
configure:5102: mpicc -c -g -O2  conftest.c >&5
configure:5102: $? = 0
configure:5175: mpicc -o conftest -g -O2   conftest.c  >&5
configure:5175: $? = 0
configure:5175: ./conftest
configure:5175: $? = 0
configure:5186: result: yes
configure:5199: checking for sys/types.h
configure:5199: mpicc -c -g -O2  conftest.c >&5
configure:5199: $? = 0
configure:5199: result: yes
configure:5199: checking for sys/stat.h
configure:5199: mpicc -c -g -O2  conftest.c >&5
configure:5199: $? = 0
configure:5199: result: yes
configure:5199: checking for stdlib.h
configure:5199: mpicc -c -g -O2  conftest.c >&5
configure:5199: $? = 0
configure:5199: result: yes
configure:5199: checking for string.h
configure:5199: mpicc -c -g -O2  conftest.c >&5
configure:5199: $? = 0
configure:5199: result: yes
configure:5199: checking for memory.h
configure:5199: mpicc -c -g -O2  conftest.c >&5
configure:5199: $? = 0
configure:5199: result: yes
configure:5199: checking for strings.h
configure:5199: mpicc -c -g -O2  conftest.c >&5
configure:5199: $? = 0
configure:5199: result: yes
configure:5199: checking for inttypes.h
configure:5199: mpicc -c -g -O2  conftest.c >&5
configure:5199: $? = 0
configure:5199: result: yes
configure:5199: checking for stdint.h
configure:5199: mpicc -c -g -O2  conftest.c >&5
configure:5199: $? = 0
configure:5199: result: yes
configure:5199: checking for unistd.h
configure:5199: mpicc -c -g -O2  conftest.c >&5
configure:5199: $? = 0
configure:5199: result: yes
configure:5214: checking fcntl.h usability
configure:5214: mpicc -c -g -O2  conftest.c >&5
configure:5214: $? = 0
configure:5214: result: yes
configure:5214: checking fcntl.h presence
configure:5214: mpicc -E  conftest.c
configure:5214: $? = 0
configure:5214: result: yes
configure:5214: checking for fcntl.h
configure:5214: result: yes
configure:5214: checking libintl.h usability
configure:5214: mpicc -c -g -O2  conftest.c >&5
configure:5214: $? = 0
configure:5214: result: yes
configure:5214: checking libintl.h presence
configure:5214: mpicc -E  conftest.c
configure:5214: $? = 0
configure:5214: result: yes
configure:5214: checking for libintl.h
configure:5214: result: yes
configure:5214: checking for stdlib.h
configure:5214: result: yes
configure:5214: checking for string.h
configure:5214: result: yes
configure:5214: checking for strings.h
configure:5214: result: yes
configure:5214: checking sys/ioctl.h usability
configure:5214: mpicc -c -g -O2  conftest.c >&5
configure:5214: $? = 0
configure:5214: result: yes
configure:5214: checking sys/ioctl.h presence
configure:5214: mpicc -E  conftest.c
configure:5214: $? = 0
configure:5214: result: yes
configure:5214: checking for sys/ioctl.h
configure:5214: result: yes
configure:5214: checking sys/param.h usability
configure:5214: mpicc -c -g -O2  conftest.c >&5
configure:5214: $? = 0
configure:5214: result: yes
configure:5214: checking sys/param.h presence
configure:5214: mpicc -E  conftest.c
configure:5214: $? = 0
configure:5214: result: yes
configure:5214: checking for sys/param.h
configure:5214: result: yes
configure:5214: checking sys/statfs.h usability
configure:5214: mpicc -c -g -O2  conftest.c >&5
configure:5214: $? = 0
configure:5214: result: yes
configure:5214: checking sys/statfs.h presence
configure:5214: mpicc -E  conftest.c
configure:5214: $? = 0
configure:5214: result: yes
configure:5214: checking for sys/statfs.h
configure:5214: result: yes
configure:5214: checking sys/statvfs.h usability
configure:5214: mpicc -c -g -O2  conftest.c >&5
configure:5214: $? = 0
configure:5214: result: yes
configure:5214: checking sys/statvfs.h presence
configure:5214: mpicc -E  conftest.c
configure:5214: $? = 0
configure:5214: result: yes
configure:5214: checking for sys/statvfs.h
configure:5214: result: yes
configure:5214: checking sys/time.h usability
configure:5214: mpicc -c -g -O2  conftest.c >&5
configure:5214: $? = 0
configure:5214: result: yes
configure:5214: checking sys/time.h presence
configure:5214: mpicc -E  conftest.c
configure:5214: $? = 0
configure:5214: result: yes
configure:5214: checking for sys/time.h
configure:5214: result: yes
configure:5214: checking for sys/param.h
configure:5214: result: yes
configure:5214: checking sys/mount.h usability
configure:5214: mpicc -c -g -O2  conftest.c >&5
configure:5214: $? = 0
configure:5214: result: yes
configure:5214: checking sys/mount.h presence
configure:5214: mpicc -E  conftest.c
configure:5214: $? = 0
configure:5214: result: yes
configure:5214: checking for sys/mount.h
configure:5214: result: yes
configure:5214: checking for unistd.h
configure:5214: result: yes
configure:5214: checking wchar.h usability
configure:5214: mpicc -c -g -O2  conftest.c >&5
configure:5214: $? = 0
configure:5214: result: yes
configure:5214: checking wchar.h presence
configure:5214: mpicc -E  conftest.c
configure:5214: $? = 0
configure:5214: result: yes
configure:5214: checking for wchar.h
configure:5214: result: yes
configure:5214: checking hdfs.h usability
configure:5214: mpicc -c -g -O2  conftest.c >&5
conftest.c:71:10: fatal error: hdfs.h: No such file or directory
   71 | #include <hdfs.h>
      |          ^~~~~~~~
compilation terminated.
configure:5214: $? = 1
configure: failed program was:
| /* confdefs.h */
| #define PACKAGE_NAME "ior"
| #define PACKAGE_TARNAME "ior"
| #define PACKAGE_VERSION "3.3.0"
| #define PACKAGE_STRING "ior 3.3.0"
| #define PACKAGE_BUGREPORT ""
| #define PACKAGE_URL ""
| #define META_NAME "ior"
| #define META_VERSION "3.3.0"
| #define META_RELEASE "0"
| #define META_ALIAS "ior-3.3.0-0"
| #define HAVE_MPI 1
| #define STDC_HEADERS 1
| #define HAVE_SYS_TYPES_H 1
| #define HAVE_SYS_STAT_H 1
| #define HAVE_STDLIB_H 1
| #define HAVE_STRING_H 1
| #define HAVE_MEMORY_H 1
| #define HAVE_STRINGS_H 1
| #define HAVE_INTTYPES_H 1
| #define HAVE_STDINT_H 1
| #define HAVE_UNISTD_H 1
| #define HAVE_FCNTL_H 1
| #define HAVE_LIBINTL_H 1
| #define HAVE_STDLIB_H 1
| #define HAVE_STRING_H 1
| #define HAVE_STRINGS_H 1
| #define HAVE_SYS_IOCTL_H 1
| #define HAVE_SYS_PARAM_H 1
| #define HAVE_SYS_STATFS_H 1
| #define HAVE_SYS_STATVFS_H 1
| #define HAVE_SYS_TIME_H 1
| #define HAVE_SYS_PARAM_H 1
| #define HAVE_SYS_MOUNT_H 1
| #define HAVE_UNISTD_H 1
| #define HAVE_WCHAR_H 1
| /* end confdefs.h.  */
| #include <stdio.h>
| #ifdef HAVE_SYS_TYPES_H
| # include <sys/types.h>
| #endif
| #ifdef HAVE_SYS_STAT_H
| # include <sys/stat.h>
| #endif
| #ifdef STDC_HEADERS
| # include <stdlib.h>
| # include <stddef.h>
| #else
| # ifdef HAVE_STDLIB_H
| #  include <stdlib.h>
| # endif
| #endif
| #ifdef HAVE_STRING_H
| # if !defined STDC_HEADERS && defined HAVE_MEMORY_H
| #  include <memory.h>
| # endif
| # include <string.h>
| #endif
| #ifdef HAVE_STRINGS_H
| # include <strings.h>
| #endif
| #ifdef HAVE_INTTYPES_H
| # include <inttypes.h>
| #endif
| #ifdef HAVE_STDINT_H
| # include <stdint.h>
| #endif
| #ifdef HAVE_UNISTD_H
| # include <unistd.h>
| #endif
| #include <hdfs.h>
configure:5214: result: no
configure:5214: checking hdfs.h presence
configure:5214: mpicc -E  conftest.c
conftest.c:38:10: fatal error: hdfs.h: No such file or directory
   38 | #include <hdfs.h>
      |          ^~~~~~~~
compilation terminated.
configure:5214: $? = 1
configure: failed program was:
| /* confdefs.h */
| #define PACKAGE_NAME "ior"
| #define PACKAGE_TARNAME "ior"
| #define PACKAGE_VERSION "3.3.0"
| #define PACKAGE_STRING "ior 3.3.0"
| #define PACKAGE_BUGREPORT ""
| #define PACKAGE_URL ""
| #define META_NAME "ior"
| #define META_VERSION "3.3.0"
| #define META_RELEASE "0"
| #define META_ALIAS "ior-3.3.0-0"
| #define HAVE_MPI 1
| #define STDC_HEADERS 1
| #define HAVE_SYS_TYPES_H 1
| #define HAVE_SYS_STAT_H 1
| #define HAVE_STDLIB_H 1
| #define HAVE_STRING_H 1
| #define HAVE_MEMORY_H 1
| #define HAVE_STRINGS_H 1
| #define HAVE_INTTYPES_H 1
| #define HAVE_STDINT_H 1
| #define HAVE_UNISTD_H 1
| #define HAVE_FCNTL_H 1
| #define HAVE_LIBINTL_H 1
| #define HAVE_STDLIB_H 1
| #define HAVE_STRING_H 1
| #define HAVE_STRINGS_H 1
| #define HAVE_SYS_IOCTL_H 1
| #define HAVE_SYS_PARAM_H 1
| #define HAVE_SYS_STATFS_H 1
| #define HAVE_SYS_STATVFS_H 1
| #define HAVE_SYS_TIME_H 1
| #define HAVE_SYS_PARAM_H 1
| #define HAVE_SYS_MOUNT_H 1
| #define HAVE_UNISTD_H 1
| #define HAVE_WCHAR_H 1
| /* end confdefs.h.  */
| #include <hdfs.h>
configure:5214: result: no
configure:5214: checking for hdfs.h
configure:5214: result: no
configure:5214: checking beegfs/beegfs.h usability
configure:5214: mpicc -c -g -O2  conftest.c >&5
conftest.c:71:10: fatal error: beegfs/beegfs.h: No such file or directory
   71 | #include <beegfs/beegfs.h>
      |          ^~~~~~~~~~~~~~~~~
compilation terminated.
configure:5214: $? = 1
configure: failed program was:
| /* confdefs.h */
| #define PACKAGE_NAME "ior"
| #define PACKAGE_TARNAME "ior"
| #define PACKAGE_VERSION "3.3.0"
| #define PACKAGE_STRING "ior 3.3.0"
| #define PACKAGE_BUGREPORT ""
| #define PACKAGE_URL ""
| #define META_NAME "ior"
| #define META_VERSION "3.3.0"
| #define META_RELEASE "0"
| #define META_ALIAS "ior-3.3.0-0"
| #define HAVE_MPI 1
| #define STDC_HEADERS 1
| #define HAVE_SYS_TYPES_H 1
| #define HAVE_SYS_STAT_H 1
| #define HAVE_STDLIB_H 1
| #define HAVE_STRING_H 1
| #define HAVE_MEMORY_H 1
| #define HAVE_STRINGS_H 1
| #define HAVE_INTTYPES_H 1
| #define HAVE_STDINT_H 1
| #define HAVE_UNISTD_H 1
| #define HAVE_FCNTL_H 1
| #define HAVE_LIBINTL_H 1
| #define HAVE_STDLIB_H 1
| #define HAVE_STRING_H 1
| #define HAVE_STRINGS_H 1
| #define HAVE_SYS_IOCTL_H 1
| #define HAVE_SYS_PARAM_H 1
| #define HAVE_SYS_STATFS_H 1
| #define HAVE_SYS_STATVFS_H 1
| #define HAVE_SYS_TIME_H 1
| #define HAVE_SYS_PARAM_H 1
| #define HAVE_SYS_MOUNT_H 1
| #define HAVE_UNISTD_H 1
| #define HAVE_WCHAR_H 1
| /* end confdefs.h.  */
| #include <stdio.h>
| #ifdef HAVE_SYS_TYPES_H
| # include <sys/types.h>
| #endif
| #ifdef HAVE_SYS_STAT_H
| # include <sys/stat.h>
| #endif
| #ifdef STDC_HEADERS
| # include <stdlib.h>
| # include <stddef.h>
| #else
| # ifdef HAVE_STDLIB_H
| #  include <stdlib.h>
| # endif
| #endif
| #ifdef HAVE_STRING_H
| # if !defined STDC_HEADERS && defined HAVE_MEMORY_H
| #  include <memory.h>
| # endif
| # include <string.h>
| #endif
| #ifdef HAVE_STRINGS_H
| # include <strings.h>
| #endif
| #ifdef HAVE_INTTYPES_H
| # include <inttypes.h>
| #endif
| #ifdef HAVE_STDINT_H
| # include <stdint.h>
| #endif
| #ifdef HAVE_UNISTD_H
| # include <unistd.h>
| #endif
| #include <beegfs/beegfs.h>
configure:5214: result: no
configure:5214: checking beegfs/beegfs.h presence
configure:5214: mpicc -E  conftest.c
conftest.c:38:10: fatal error: beegfs/beegfs.h: No such file or directory
   38 | #include <beegfs/beegfs.h>
      |          ^~~~~~~~~~~~~~~~~
compilation terminated.
configure:5214: $? = 1
configure: failed program was:
| /* confdefs.h */
| #define PACKAGE_NAME "ior"
| #define PACKAGE_TARNAME "ior"
| #define PACKAGE_VERSION "3.3.0"
| #define PACKAGE_STRING "ior 3.3.0"
| #define PACKAGE_BUGREPORT ""
| #define PACKAGE_URL ""
| #define META_NAME "ior"
| #define META_VERSION "3.3.0"
| #define META_RELEASE "0"
| #define META_ALIAS "ior-3.3.0-0"
| #define HAVE_MPI 1
| #define STDC_HEADERS 1
| #define HAVE_SYS_TYPES_H 1
| #define HAVE_SYS_STAT_H 1
| #define HAVE_STDLIB_H 1
| #define HAVE_STRING_H 1
| #define HAVE_MEMORY_H 1
| #define HAVE_STRINGS_H 1
| #define HAVE_INTTYPES_H 1
| #define HAVE_STDINT_H 1
| #define HAVE_UNISTD_H 1
| #define HAVE_FCNTL_H 1
| #define HAVE_LIBINTL_H 1
| #define HAVE_STDLIB_H 1
| #define HAVE_STRING_H 1
| #define HAVE_STRINGS_H 1
| #define HAVE_SYS_IOCTL_H 1
| #define HAVE_SYS_PARAM_H 1
| #define HAVE_SYS_STATFS_H 1
| #define HAVE_SYS_STATVFS_H 1
| #define HAVE_SYS_TIME_H 1
| #define HAVE_SYS_PARAM_H 1
| #define HAVE_SYS_MOUNT_H 1
| #define HAVE_UNISTD_H 1
| #define HAVE_WCHAR_H 1
| /* end confdefs.h.  */
| #include <beegfs/beegfs.h>
configure:5214: result: no
configure:5214: checking for beegfs/beegfs.h
configure:5214: result: no
configure:5226: checking for size_t
configure:5226: mpicc -c -g -O2  conftest.c >&5
configure:5226: $? = 0
configure:5226: mpicc -c -g -O2  conftest.c >&5
conftest.c: In function 'main':
conftest.c:74:21: error: expected expression before ')' token
   74 | if (sizeof ((size_t)))
      |                     ^
configure:5226: $? = 1
configure: failed program was:
| /* confdefs.h */
| #define PACKAGE_NAME "ior"
| #define PACKAGE_TARNAME "ior"
| #define PACKAGE_VERSION "3.3.0"
| #define PACKAGE_STRING "ior 3.3.0"
| #define PACKAGE_BUGREPORT ""
| #define PACKAGE_URL ""
| #define META_NAME "ior"
| #define META_VERSION "3.3.0"
| #define META_RELEASE "0"
| #define META_ALIAS "ior-3.3.0-0"
| #define HAVE_MPI 1
| #define STDC_HEADERS 1
| #define HAVE_SYS_TYPES_H 1
| #define HAVE_SYS_STAT_H 1
| #define HAVE_STDLIB_H 1
| #define HAVE_STRING_H 1
| #define HAVE_MEMORY_H 1
| #define HAVE_STRINGS_H 1
| #define HAVE_INTTYPES_H 1
| #define HAVE_STDINT_H 1
| #define HAVE_UNISTD_H 1
| #define HAVE_FCNTL_H 1
| #define HAVE_LIBINTL_H 1
| #define HAVE_STDLIB_H 1
| #define HAVE_STRING_H 1
| #define HAVE_STRINGS_H 1
| #define HAVE_SYS_IOCTL_H 1
| #define HAVE_SYS_PARAM_H 1
| #define HAVE_SYS_STATFS_H 1
| #define HAVE_SYS_STATVFS_H 1
| #define HAVE_SYS_TIME_H 1
| #define HAVE_SYS_PARAM_H 1
| #define HAVE_SYS_MOUNT_H 1
| #define HAVE_UNISTD_H 1
| #define HAVE_WCHAR_H 1
| /* end confdefs.h.  */
| #include <stdio.h>
| #ifdef HAVE_SYS_TYPES_H
| # include <sys/types.h>
| #endif
| #ifdef HAVE_SYS_STAT_H
| # include <sys/stat.h>
| #endif
| #ifdef STDC_HEADERS
| # include <stdlib.h>
| # include <stddef.h>
| #else
| # ifdef HAVE_STDLIB_H
| #  include <stdlib.h>
| # endif
| #endif
| #ifdef HAVE_STRING_H
| # if !defined STDC_HEADERS && defined HAVE_MEMORY_H
| #  include <memory.h>
| # endif
| # include <string.h>
| #endif
| #ifdef HAVE_STRINGS_H
| # include <strings.h>
| #endif
| #ifdef HAVE_INTTYPES_H
| # include <inttypes.h>
| #endif
| #ifdef HAVE_STDINT_H
| # include <stdint.h>
| #endif
| #ifdef HAVE_UNISTD_H
| # include <unistd.h>
| #endif
| int
| main ()
| {
| if (sizeof ((size_t)))
| 	    return 0;
|   ;
|   return 0;
| }
configure:5226: result: yes
configure:5242: checking for sysconf
configure:5242: mpicc -o conftest -g -O2   conftest.c  >&5
configure:5242: $? = 0
configure:5242: result: yes
configure:5242: checking for gettimeofday
configure:5242: mpicc -o conftest -g -O2   conftest.c  >&5
configure:5242: $? = 0
configure:5242: result: yes
configure:5242: checking for memset
configure:5242: mpicc -o conftest -g -O2   conftest.c  >&5
conftest.c:63:6: warning: conflicting types for built-in function 'memset'; expected 'void *(void *, int,  long unsigned int)' [-Wbuiltin-declaration-mismatch]
   63 | char memset ();
      |      ^~~~~~
conftest.c:51:1: note: 'memset' is declared in header '<string.h>'
   50 | # include <limits.h>
   51 | #else
configure:5242: $? = 0
configure:5242: result: yes
configure:5242: checking for mkdir
configure:5242: mpicc -o conftest -g -O2   conftest.c  >&5
configure:5242: $? = 0
configure:5242: result: yes
configure:5242: checking for pow
configure:5242: mpicc -o conftest -g -O2   conftest.c  >&5
conftest.c:65:6: warning: conflicting types for built-in function 'pow'; expected 'double(double,  double)' [-Wbuiltin-declaration-mismatch]
   65 | char pow ();
      |      ^~~
conftest.c:53:1: note: 'pow' is declared in header '<math.h>'
   52 | # include <limits.h>
   53 | #else
/usr/bin/ld: /tmp/ccUQXgwR.o: in function `main':
/mnt/beegfs/ior-3.3.0/conftest.c:76: undefined reference to `pow'
collect2: error: ld returned 1 exit status
configure:5242: $? = 1
configure: failed program was:
| /* confdefs.h */
| #define PACKAGE_NAME "ior"
| #define PACKAGE_TARNAME "ior"
| #define PACKAGE_VERSION "3.3.0"
| #define PACKAGE_STRING "ior 3.3.0"
| #define PACKAGE_BUGREPORT ""
| #define PACKAGE_URL ""
| #define META_NAME "ior"
| #define META_VERSION "3.3.0"
| #define META_RELEASE "0"
| #define META_ALIAS "ior-3.3.0-0"
| #define HAVE_MPI 1
| #define STDC_HEADERS 1
| #define HAVE_SYS_TYPES_H 1
| #define HAVE_SYS_STAT_H 1
| #define HAVE_STDLIB_H 1
| #define HAVE_STRING_H 1
| #define HAVE_MEMORY_H 1
| #define HAVE_STRINGS_H 1
| #define HAVE_INTTYPES_H 1
| #define HAVE_STDINT_H 1
| #define HAVE_UNISTD_H 1
| #define HAVE_FCNTL_H 1
| #define HAVE_LIBINTL_H 1
| #define HAVE_STDLIB_H 1
| #define HAVE_STRING_H 1
| #define HAVE_STRINGS_H 1
| #define HAVE_SYS_IOCTL_H 1
| #define HAVE_SYS_PARAM_H 1
| #define HAVE_SYS_STATFS_H 1
| #define HAVE_SYS_STATVFS_H 1
| #define HAVE_SYS_TIME_H 1
| #define HAVE_SYS_PARAM_H 1
| #define HAVE_SYS_MOUNT_H 1
| #define HAVE_UNISTD_H 1
| #define HAVE_WCHAR_H 1
| #define HAVE_SYSCONF 1
| #define HAVE_GETTIMEOFDAY 1
| #define HAVE_MEMSET 1
| #define HAVE_MKDIR 1
| /* end confdefs.h.  */
| /* Define pow to an innocuous variant, in case <limits.h> declares pow.
|    For example, HP-UX 11i <limits.h> declares gettimeofday.  */
| #define pow innocuous_pow
| 
| /* System header to define __stub macros and hopefully few prototypes,
|     which can conflict with char pow (); below.
|     Prefer <limits.h> to <assert.h> if __STDC__ is defined, since
|     <limits.h> exists even on freestanding compilers.  */
| 
| #ifdef __STDC__
| # include <limits.h>
| #else
| # include <assert.h>
| #endif
| 
| #undef pow
| 
| /* Override any GCC internal prototype to avoid an error.
|    Use char because int might match the return type of a GCC
|    builtin and then its argument prototype would still apply.  */
| #ifdef __cplusplus
| extern "C"
| #endif
| char pow ();
| /* The GNU C library defines this for functions which it implements
|     to always fail with ENOSYS.  Some functions are actually named
|     something starting with __ and the normal name is an alias.  */
| #if defined __stub_pow || defined __stub___pow
| choke me
| #endif
| 
| int
| main ()
| {
| return pow ();
|   ;
|   return 0;
| }
configure:5242: result: no
configure:5242: checking for putenv
configure:5242: mpicc -o conftest -g -O2   conftest.c  >&5
configure:5242: $? = 0
configure:5242: result: yes
configure:5242: checking for realpath
configure:5242: mpicc -o conftest -g -O2   conftest.c  >&5
configure:5242: $? = 0
configure:5242: result: yes
configure:5242: checking for regcomp
configure:5242: mpicc -o conftest -g -O2   conftest.c  >&5
configure:5242: $? = 0
configure:5242: result: yes
configure:5242: checking for sqrt
configure:5242: mpicc -o conftest -g -O2   conftest.c  >&5
conftest.c:68:6: warning: conflicting types for built-in function 'sqrt'; expected 'double(double)' [-Wbuiltin-declaration-mismatch]
   68 | char sqrt ();
      |      ^~~~
conftest.c:56:1: note: 'sqrt' is declared in header '<math.h>'
   55 | # include <limits.h>
   56 | #else
/usr/bin/ld: /tmp/ccv2vqwO.o: in function `main':
/mnt/beegfs/ior-3.3.0/conftest.c:79: undefined reference to `sqrt'
collect2: error: ld returned 1 exit status
configure:5242: $? = 1
configure: failed program was:
| /* confdefs.h */
| #define PACKAGE_NAME "ior"
| #define PACKAGE_TARNAME "ior"
| #define PACKAGE_VERSION "3.3.0"
| #define PACKAGE_STRING "ior 3.3.0"
| #define PACKAGE_BUGREPORT ""
| #define PACKAGE_URL ""
| #define META_NAME "ior"
| #define META_VERSION "3.3.0"
| #define META_RELEASE "0"
| #define META_ALIAS "ior-3.3.0-0"
| #define HAVE_MPI 1
| #define STDC_HEADERS 1
| #define HAVE_SYS_TYPES_H 1
| #define HAVE_SYS_STAT_H 1
| #define HAVE_STDLIB_H 1
| #define HAVE_STRING_H 1
| #define HAVE_MEMORY_H 1
| #define HAVE_STRINGS_H 1
| #define HAVE_INTTYPES_H 1
| #define HAVE_STDINT_H 1
| #define HAVE_UNISTD_H 1
| #define HAVE_FCNTL_H 1
| #define HAVE_LIBINTL_H 1
| #define HAVE_STDLIB_H 1
| #define HAVE_STRING_H 1
| #define HAVE_STRINGS_H 1
| #define HAVE_SYS_IOCTL_H 1
| #define HAVE_SYS_PARAM_H 1
| #define HAVE_SYS_STATFS_H 1
| #define HAVE_SYS_STATVFS_H 1
| #define HAVE_SYS_TIME_H 1
| #define HAVE_SYS_PARAM_H 1
| #define HAVE_SYS_MOUNT_H 1
| #define HAVE_UNISTD_H 1
| #define HAVE_WCHAR_H 1
| #define HAVE_SYSCONF 1
| #define HAVE_GETTIMEOFDAY 1
| #define HAVE_MEMSET 1
| #define HAVE_MKDIR 1
| #define HAVE_PUTENV 1
| #define HAVE_REALPATH 1
| #define HAVE_REGCOMP 1
| /* end confdefs.h.  */
| /* Define sqrt to an innocuous variant, in case <limits.h> declares sqrt.
|    For example, HP-UX 11i <limits.h> declares gettimeofday.  */
| #define sqrt innocuous_sqrt
| 
| /* System header to define __stub macros and hopefully few prototypes,
|     which can conflict with char sqrt (); below.
|     Prefer <limits.h> to <assert.h> if __STDC__ is defined, since
|     <limits.h> exists even on freestanding compilers.  */
| 
| #ifdef __STDC__
| # include <limits.h>
| #else
| # include <assert.h>
| #endif
| 
| #undef sqrt
| 
| /* Override any GCC internal prototype to avoid an error.
|    Use char because int might match the return type of a GCC
|    builtin and then its argument prototype would still apply.  */
| #ifdef __cplusplus
| extern "C"
| #endif
| char sqrt ();
| /* The GNU C library defines this for functions which it implements
|     to always fail with ENOSYS.  Some functions are actually named
|     something starting with __ and the normal name is an alias.  */
| #if defined __stub_sqrt || defined __stub___sqrt
| choke me
| #endif
| 
| int
| main ()
| {
| return sqrt ();
|   ;
|   return 0;
| }
configure:5242: result: no
configure:5242: checking for strcasecmp
configure:5242: mpicc -o conftest -g -O2   conftest.c  >&5
conftest.c:68:6: warning: conflicting types for built-in function 'strcasecmp'; expected 'int(const char *, const char *)' [-Wbuiltin-declaration-mismatch]
   68 | char strcasecmp ();
      |      ^~~~~~~~~~
configure:5242: $? = 0
configure:5242: result: yes
configure:5242: checking for strchr
configure:5242: mpicc -o conftest -g -O2   conftest.c  >&5
conftest.c:69:6: warning: conflicting types for built-in function 'strchr'; expected 'char *(const char *, int)' [-Wbuiltin-declaration-mismatch]
   69 | char strchr ();
      |      ^~~~~~
conftest.c:57:1: note: 'strchr' is declared in header '<string.h>'
   56 | # include <limits.h>
   57 | #else
configure:5242: $? = 0
configure:5242: result: yes
configure:5242: checking for strerror
configure:5242: mpicc -o conftest -g -O2   conftest.c  >&5
configure:5242: $? = 0
configure:5242: result: yes
configure:5242: checking for strncasecmp
configure:5242: mpicc -o conftest -g -O2   conftest.c  >&5
conftest.c:71:6: warning: conflicting types for built-in function 'strncasecmp'; expected 'int(const char *, const char *, long unsigned int)' [-Wbuiltin-declaration-mismatch]
   71 | char strncasecmp ();
      |      ^~~~~~~~~~~
configure:5242: $? = 0
configure:5242: result: yes
configure:5242: checking for strstr
configure:5242: mpicc -o conftest -g -O2   conftest.c  >&5
conftest.c:72:6: warning: conflicting types for built-in function 'strstr'; expected 'char *(const char *, const char *)' [-Wbuiltin-declaration-mismatch]
   72 | char strstr ();
      |      ^~~~~~
conftest.c:60:1: note: 'strstr' is declared in header '<string.h>'
   59 | # include <limits.h>
   60 | #else
configure:5242: $? = 0
configure:5242: result: yes
configure:5242: checking for uname
configure:5242: mpicc -o conftest -g -O2   conftest.c  >&5
configure:5242: $? = 0
configure:5242: result: yes
configure:5242: checking for statfs
configure:5242: mpicc -o conftest -g -O2   conftest.c  >&5
configure:5242: $? = 0
configure:5242: result: yes
configure:5242: checking for statvfs
configure:5242: mpicc -o conftest -g -O2   conftest.c  >&5
configure:5242: $? = 0
configure:5242: result: yes
configure:5251: checking for library containing sqrt
configure:5282: mpicc -o conftest -g -O2   conftest.c  >&5
conftest.c:60:6: warning: conflicting types for built-in function 'sqrt'; expected 'double(double)' [-Wbuiltin-declaration-mismatch]
   60 | char sqrt ();
      |      ^~~~
conftest.c:1:1: note: 'sqrt' is declared in header '<math.h>'
    1 | /* confdefs.h */
/usr/bin/ld: /tmp/ccbor0JZ.o: in function `main':
/mnt/beegfs/ior-3.3.0/conftest.c:64: undefined reference to `sqrt'
collect2: error: ld returned 1 exit status
configure:5282: $? = 1
configure: failed program was:
| /* confdefs.h */
| #define PACKAGE_NAME "ior"
| #define PACKAGE_TARNAME "ior"
| #define PACKAGE_VERSION "3.3.0"
| #define PACKAGE_STRING "ior 3.3.0"
| #define PACKAGE_BUGREPORT ""
| #define PACKAGE_URL ""
| #define META_NAME "ior"
| #define META_VERSION "3.3.0"
| #define META_RELEASE "0"
| #define META_ALIAS "ior-3.3.0-0"
| #define HAVE_MPI 1
| #define STDC_HEADERS 1
| #define HAVE_SYS_TYPES_H 1
| #define HAVE_SYS_STAT_H 1
| #define HAVE_STDLIB_H 1
| #define HAVE_STRING_H 1
| #define HAVE_MEMORY_H 1
| #define HAVE_STRINGS_H 1
| #define HAVE_INTTYPES_H 1
| #define HAVE_STDINT_H 1
| #define HAVE_UNISTD_H 1
| #define HAVE_FCNTL_H 1
| #define HAVE_LIBINTL_H 1
| #define HAVE_STDLIB_H 1
| #define HAVE_STRING_H 1
| #define HAVE_STRINGS_H 1
| #define HAVE_SYS_IOCTL_H 1
| #define HAVE_SYS_PARAM_H 1
| #define HAVE_SYS_STATFS_H 1
| #define HAVE_SYS_STATVFS_H 1
| #define HAVE_SYS_TIME_H 1
| #define HAVE_SYS_PARAM_H 1
| #define HAVE_SYS_MOUNT_H 1
| #define HAVE_UNISTD_H 1
| #define HAVE_WCHAR_H 1
| #define HAVE_SYSCONF 1
| #define HAVE_GETTIMEOFDAY 1
| #define HAVE_MEMSET 1
| #define HAVE_MKDIR 1
| #define HAVE_PUTENV 1
| #define HAVE_REALPATH 1
| #define HAVE_REGCOMP 1
| #define HAVE_STRCASECMP 1
| #define HAVE_STRCHR 1
| #define HAVE_STRERROR 1
| #define HAVE_STRNCASECMP 1
| #define HAVE_STRSTR 1
| #define HAVE_UNAME 1
| #define HAVE_STATFS 1
| #define HAVE_STATVFS 1
| /* end confdefs.h.  */
| 
| /* Override any GCC internal prototype to avoid an error.
|    Use char because int might match the return type of a GCC
|    builtin and then its argument prototype would still apply.  */
| #ifdef __cplusplus
| extern "C"
| #endif
| char sqrt ();
| int
| main ()
| {
| return sqrt ();
|   ;
|   return 0;
| }
configure:5282: mpicc -o conftest -g -O2   conftest.c -lm   >&5
conftest.c:60:6: warning: conflicting types for built-in function 'sqrt'; expected 'double(double)' [-Wbuiltin-declaration-mismatch]
   60 | char sqrt ();
      |      ^~~~
conftest.c:1:1: note: 'sqrt' is declared in header '<math.h>'
    1 | /* confdefs.h */
configure:5282: $? = 0
configure:5299: result: -lm
configure:5325: checking gpfs.h usability
configure:5325: mpicc -c -g -O2  conftest.c >&5
conftest.c:86:10: fatal error: gpfs.h: No such file or directory
   86 | #include <gpfs.h>
      |          ^~~~~~~~
compilation terminated.
configure:5325: $? = 1
configure: failed program was:
| /* confdefs.h */
| #define PACKAGE_NAME "ior"
| #define PACKAGE_TARNAME "ior"
| #define PACKAGE_VERSION "3.3.0"
| #define PACKAGE_STRING "ior 3.3.0"
| #define PACKAGE_BUGREPORT ""
| #define PACKAGE_URL ""
| #define META_NAME "ior"
| #define META_VERSION "3.3.0"
| #define META_RELEASE "0"
| #define META_ALIAS "ior-3.3.0-0"
| #define HAVE_MPI 1
| #define STDC_HEADERS 1
| #define HAVE_SYS_TYPES_H 1
| #define HAVE_SYS_STAT_H 1
| #define HAVE_STDLIB_H 1
| #define HAVE_STRING_H 1
| #define HAVE_MEMORY_H 1
| #define HAVE_STRINGS_H 1
| #define HAVE_INTTYPES_H 1
| #define HAVE_STDINT_H 1
| #define HAVE_UNISTD_H 1
| #define HAVE_FCNTL_H 1
| #define HAVE_LIBINTL_H 1
| #define HAVE_STDLIB_H 1
| #define HAVE_STRING_H 1
| #define HAVE_STRINGS_H 1
| #define HAVE_SYS_IOCTL_H 1
| #define HAVE_SYS_PARAM_H 1
| #define HAVE_SYS_STATFS_H 1
| #define HAVE_SYS_STATVFS_H 1
| #define HAVE_SYS_TIME_H 1
| #define HAVE_SYS_PARAM_H 1
| #define HAVE_SYS_MOUNT_H 1
| #define HAVE_UNISTD_H 1
| #define HAVE_WCHAR_H 1
| #define HAVE_SYSCONF 1
| #define HAVE_GETTIMEOFDAY 1
| #define HAVE_MEMSET 1
| #define HAVE_MKDIR 1
| #define HAVE_PUTENV 1
| #define HAVE_REALPATH 1
| #define HAVE_REGCOMP 1
| #define HAVE_STRCASECMP 1
| #define HAVE_STRCHR 1
| #define HAVE_STRERROR 1
| #define HAVE_STRNCASECMP 1
| #define HAVE_STRSTR 1
| #define HAVE_UNAME 1
| #define HAVE_STATFS 1
| #define HAVE_STATVFS 1
| /* end confdefs.h.  */
| #include <stdio.h>
| #ifdef HAVE_SYS_TYPES_H
| # include <sys/types.h>
| #endif
| #ifdef HAVE_SYS_STAT_H
| # include <sys/stat.h>
| #endif
| #ifdef STDC_HEADERS
| # include <stdlib.h>
| # include <stddef.h>
| #else
| # ifdef HAVE_STDLIB_H
| #  include <stdlib.h>
| # endif
| #endif
| #ifdef HAVE_STRING_H
| # if !defined STDC_HEADERS && defined HAVE_MEMORY_H
| #  include <memory.h>
| # endif
| # include <string.h>
| #endif
| #ifdef HAVE_STRINGS_H
| # include <strings.h>
| #endif
| #ifdef HAVE_INTTYPES_H
| # include <inttypes.h>
| #endif
| #ifdef HAVE_STDINT_H
| # include <stdint.h>
| #endif
| #ifdef HAVE_UNISTD_H
| # include <unistd.h>
| #endif
| #include <gpfs.h>
configure:5325: result: no
configure:5325: checking gpfs.h presence
configure:5325: mpicc -E  conftest.c
conftest.c:53:10: fatal error: gpfs.h: No such file or directory
   53 | #include <gpfs.h>
      |          ^~~~~~~~
compilation terminated.
configure:5325: $? = 1
configure: failed program was:
| /* confdefs.h */
| #define PACKAGE_NAME "ior"
| #define PACKAGE_TARNAME "ior"
| #define PACKAGE_VERSION "3.3.0"
| #define PACKAGE_STRING "ior 3.3.0"
| #define PACKAGE_BUGREPORT ""
| #define PACKAGE_URL ""
| #define META_NAME "ior"
| #define META_VERSION "3.3.0"
| #define META_RELEASE "0"
| #define META_ALIAS "ior-3.3.0-0"
| #define HAVE_MPI 1
| #define STDC_HEADERS 1
| #define HAVE_SYS_TYPES_H 1
| #define HAVE_SYS_STAT_H 1
| #define HAVE_STDLIB_H 1
| #define HAVE_STRING_H 1
| #define HAVE_MEMORY_H 1
| #define HAVE_STRINGS_H 1
| #define HAVE_INTTYPES_H 1
| #define HAVE_STDINT_H 1
| #define HAVE_UNISTD_H 1
| #define HAVE_FCNTL_H 1
| #define HAVE_LIBINTL_H 1
| #define HAVE_STDLIB_H 1
| #define HAVE_STRING_H 1
| #define HAVE_STRINGS_H 1
| #define HAVE_SYS_IOCTL_H 1
| #define HAVE_SYS_PARAM_H 1
| #define HAVE_SYS_STATFS_H 1
| #define HAVE_SYS_STATVFS_H 1
| #define HAVE_SYS_TIME_H 1
| #define HAVE_SYS_PARAM_H 1
| #define HAVE_SYS_MOUNT_H 1
| #define HAVE_UNISTD_H 1
| #define HAVE_WCHAR_H 1
| #define HAVE_SYSCONF 1
| #define HAVE_GETTIMEOFDAY 1
| #define HAVE_MEMSET 1
| #define HAVE_MKDIR 1
| #define HAVE_PUTENV 1
| #define HAVE_REALPATH 1
| #define HAVE_REGCOMP 1
| #define HAVE_STRCASECMP 1
| #define HAVE_STRCHR 1
| #define HAVE_STRERROR 1
| #define HAVE_STRNCASECMP 1
| #define HAVE_STRSTR 1
| #define HAVE_UNAME 1
| #define HAVE_STATFS 1
| #define HAVE_STATVFS 1
| /* end confdefs.h.  */
| #include <gpfs.h>
configure:5325: result: no
configure:5325: checking for gpfs.h
configure:5325: result: no
configure:5325: checking gpfs_fcntl.h usability
configure:5325: mpicc -c -g -O2  conftest.c >&5
conftest.c:86:10: fatal error: gpfs_fcntl.h: No such file or directory
   86 | #include <gpfs_fcntl.h>
      |          ^~~~~~~~~~~~~~
compilation terminated.
configure:5325: $? = 1
configure: failed program was:
| /* confdefs.h */
| #define PACKAGE_NAME "ior"
| #define PACKAGE_TARNAME "ior"
| #define PACKAGE_VERSION "3.3.0"
| #define PACKAGE_STRING "ior 3.3.0"
| #define PACKAGE_BUGREPORT ""
| #define PACKAGE_URL ""
| #define META_NAME "ior"
| #define META_VERSION "3.3.0"
| #define META_RELEASE "0"
| #define META_ALIAS "ior-3.3.0-0"
| #define HAVE_MPI 1
| #define STDC_HEADERS 1
| #define HAVE_SYS_TYPES_H 1
| #define HAVE_SYS_STAT_H 1
| #define HAVE_STDLIB_H 1
| #define HAVE_STRING_H 1
| #define HAVE_MEMORY_H 1
| #define HAVE_STRINGS_H 1
| #define HAVE_INTTYPES_H 1
| #define HAVE_STDINT_H 1
| #define HAVE_UNISTD_H 1
| #define HAVE_FCNTL_H 1
| #define HAVE_LIBINTL_H 1
| #define HAVE_STDLIB_H 1
| #define HAVE_STRING_H 1
| #define HAVE_STRINGS_H 1
| #define HAVE_SYS_IOCTL_H 1
| #define HAVE_SYS_PARAM_H 1
| #define HAVE_SYS_STATFS_H 1
| #define HAVE_SYS_STATVFS_H 1
| #define HAVE_SYS_TIME_H 1
| #define HAVE_SYS_PARAM_H 1
| #define HAVE_SYS_MOUNT_H 1
| #define HAVE_UNISTD_H 1
| #define HAVE_WCHAR_H 1
| #define HAVE_SYSCONF 1
| #define HAVE_GETTIMEOFDAY 1
| #define HAVE_MEMSET 1
| #define HAVE_MKDIR 1
| #define HAVE_PUTENV 1
| #define HAVE_REALPATH 1
| #define HAVE_REGCOMP 1
| #define HAVE_STRCASECMP 1
| #define HAVE_STRCHR 1
| #define HAVE_STRERROR 1
| #define HAVE_STRNCASECMP 1
| #define HAVE_STRSTR 1
| #define HAVE_UNAME 1
| #define HAVE_STATFS 1
| #define HAVE_STATVFS 1
| /* end confdefs.h.  */
| #include <stdio.h>
| #ifdef HAVE_SYS_TYPES_H
| # include <sys/types.h>
| #endif
| #ifdef HAVE_SYS_STAT_H
| # include <sys/stat.h>
| #endif
| #ifdef STDC_HEADERS
| # include <stdlib.h>
| # include <stddef.h>
| #else
| # ifdef HAVE_STDLIB_H
| #  include <stdlib.h>
| # endif
| #endif
| #ifdef HAVE_STRING_H
| # if !defined STDC_HEADERS && defined HAVE_MEMORY_H
| #  include <memory.h>
| # endif
| # include <string.h>
| #endif
| #ifdef HAVE_STRINGS_H
| # include <strings.h>
| #endif
| #ifdef HAVE_INTTYPES_H
| # include <inttypes.h>
| #endif
| #ifdef HAVE_STDINT_H
| # include <stdint.h>
| #endif
| #ifdef HAVE_UNISTD_H
| # include <unistd.h>
| #endif
| #include <gpfs_fcntl.h>
configure:5325: result: no
configure:5325: checking gpfs_fcntl.h presence
configure:5325: mpicc -E  conftest.c
conftest.c:53:10: fatal error: gpfs_fcntl.h: No such file or directory
   53 | #include <gpfs_fcntl.h>
      |          ^~~~~~~~~~~~~~
compilation terminated.
configure:5325: $? = 1
configure: failed program was:
| /* confdefs.h */
| #define PACKAGE_NAME "ior"
| #define PACKAGE_TARNAME "ior"
| #define PACKAGE_VERSION "3.3.0"
| #define PACKAGE_STRING "ior 3.3.0"
| #define PACKAGE_BUGREPORT ""
| #define PACKAGE_URL ""
| #define META_NAME "ior"
| #define META_VERSION "3.3.0"
| #define META_RELEASE "0"
| #define META_ALIAS "ior-3.3.0-0"
| #define HAVE_MPI 1
| #define STDC_HEADERS 1
| #define HAVE_SYS_TYPES_H 1
| #define HAVE_SYS_STAT_H 1
| #define HAVE_STDLIB_H 1
| #define HAVE_STRING_H 1
| #define HAVE_MEMORY_H 1
| #define HAVE_STRINGS_H 1
| #define HAVE_INTTYPES_H 1
| #define HAVE_STDINT_H 1
| #define HAVE_UNISTD_H 1
| #define HAVE_FCNTL_H 1
| #define HAVE_LIBINTL_H 1
| #define HAVE_STDLIB_H 1
| #define HAVE_STRING_H 1
| #define HAVE_STRINGS_H 1
| #define HAVE_SYS_IOCTL_H 1
| #define HAVE_SYS_PARAM_H 1
| #define HAVE_SYS_STATFS_H 1
| #define HAVE_SYS_STATVFS_H 1
| #define HAVE_SYS_TIME_H 1
| #define HAVE_SYS_PARAM_H 1
| #define HAVE_SYS_MOUNT_H 1
| #define HAVE_UNISTD_H 1
| #define HAVE_WCHAR_H 1
| #define HAVE_SYSCONF 1
| #define HAVE_GETTIMEOFDAY 1
| #define HAVE_MEMSET 1
| #define HAVE_MKDIR 1
| #define HAVE_PUTENV 1
| #define HAVE_REALPATH 1
| #define HAVE_REGCOMP 1
| #define HAVE_STRCASECMP 1
| #define HAVE_STRCHR 1
| #define HAVE_STRERROR 1
| #define HAVE_STRNCASECMP 1
| #define HAVE_STRSTR 1
| #define HAVE_UNAME 1
| #define HAVE_STATFS 1
| #define HAVE_STATVFS 1
| /* end confdefs.h.  */
| #include <gpfs_fcntl.h>
configure:5325: result: no
configure:5325: checking for gpfs_fcntl.h
configure:5325: result: no
configure:5418: checking for special C compiler options needed for large files
configure:5463: result: no
configure:5469: checking for _FILE_OFFSET_BITS value needed for large files
configure:5494: mpicc -c -g -O2  conftest.c >&5
configure:5494: $? = 0
configure:5526: result: no
configure:6310: checking for Gfarm file system
configure:6320: result: no
configure:6787: checking that generated files are newer than configure
configure:6793: result: done
configure:6880: creating ./config.status

## ---------------------- ##
## Running config.status. ##
## ---------------------- ##

This file was extended by ior config.status 3.3.0, which was
generated by GNU Autoconf 2.69.  Invocation command line was

  CONFIG_FILES    = 
  CONFIG_HEADERS  = 
  CONFIG_LINKS    = 
  CONFIG_COMMANDS = 
  $ ./config.status 

on dashlab3

config.status:943: creating Makefile
config.status:943: creating src/Makefile
config.status:943: creating src/test/Makefile
config.status:943: creating contrib/Makefile
config.status:943: creating doc/Makefile
config.status:943: creating src/config.h
config.status:1172: executing depfiles commands
config.status:1249: cd src       && sed -e '/# am--include-marker/d' Makefile         | make -f - am--depfiles
config.status:1254: $? = 0
config.status:1249: cd src/test       && sed -e '/# am--include-marker/d' Makefile         | make -f - am--depfiles
config.status:1254: $? = 0
config.status:1249: cd contrib       && sed -e '/# am--include-marker/d' Makefile         | make -f - am--depfiles
config.status:1254: $? = 0

## ---------------- ##
## Cache variables. ##
## ---------------- ##

ac_cv_build=x86_64-pc-linux-gnu
ac_cv_c_compiler_gnu=yes
ac_cv_env_CC_set=
ac_cv_env_CC_value=
ac_cv_env_CFLAGS_set=
ac_cv_env_CFLAGS_value=
ac_cv_env_CPPFLAGS_set=
ac_cv_env_CPPFLAGS_value=
ac_cv_env_CPP_set=
ac_cv_env_CPP_value=
ac_cv_env_LDFLAGS_set=
ac_cv_env_LDFLAGS_value=
ac_cv_env_LIBS_set=
ac_cv_env_LIBS_value=
ac_cv_env_MPICC_set=
ac_cv_env_MPICC_value=
ac_cv_env_build_alias_set=
ac_cv_env_build_alias_value=
ac_cv_env_host_alias_set=
ac_cv_env_host_alias_value=
ac_cv_env_target_alias_set=
ac_cv_env_target_alias_value=
ac_cv_func_gettimeofday=yes
ac_cv_func_memset=yes
ac_cv_func_mkdir=yes
ac_cv_func_pow=no
ac_cv_func_putenv=yes
ac_cv_func_realpath=yes
ac_cv_func_regcomp=yes
ac_cv_func_sqrt=no
ac_cv_func_statfs=yes
ac_cv_func_statvfs=yes
ac_cv_func_strcasecmp=yes
ac_cv_func_strchr=yes
ac_cv_func_strerror=yes
ac_cv_func_strncasecmp=yes
ac_cv_func_strstr=yes
ac_cv_func_sysconf=yes
ac_cv_func_uname=yes
ac_cv_header_beegfs_beegfs_h=no
ac_cv_header_fcntl_h=yes
ac_cv_header_gpfs_fcntl_h=no
ac_cv_header_gpfs_h=no
ac_cv_header_hdfs_h=no
ac_cv_header_inttypes_h=yes
ac_cv_header_libintl_h=yes
ac_cv_header_memory_h=yes
ac_cv_header_stdc=yes
ac_cv_header_stdint_h=yes
ac_cv_header_stdlib_h=yes
ac_cv_header_string_h=yes
ac_cv_header_strings_h=yes
ac_cv_header_sys_ioctl_h=yes
ac_cv_header_sys_mount_h=yes
ac_cv_header_sys_param_h=yes
ac_cv_header_sys_stat_h=yes
ac_cv_header_sys_statfs_h=yes
ac_cv_header_sys_statvfs_h=yes
ac_cv_header_sys_time_h=yes
ac_cv_header_sys_types_h=yes
ac_cv_header_unistd_h=yes
ac_cv_header_wchar_h=yes
ac_cv_host=x86_64-pc-linux-gnu
ac_cv_objext=o
ac_cv_path_EGREP='/usr/bin/grep -E'
ac_cv_path_GREP=/usr/bin/grep
ac_cv_path_install='/usr/bin/install -c'
ac_cv_path_mkdir=/usr/bin/mkdir
ac_cv_prog_AWK=gawk
ac_cv_prog_CPP='mpicc -E'
ac_cv_prog_ac_ct_CC=mpicc
ac_cv_prog_ac_ct_RANLIB=ranlib
ac_cv_prog_cc_c89=
ac_cv_prog_cc_c99=
ac_cv_prog_cc_g=yes
ac_cv_prog_make_make_set=yes
ac_cv_search_sqrt=-lm
ac_cv_sys_file_offset_bits=no
ac_cv_sys_largefile_CC=no
ac_cv_type_size_t=yes
am_cv_CC_dependencies_compiler_type=gcc3
am_cv_make_support_nested_variables=yes
am_cv_prog_cc_c_o=yes

## ----------------- ##
## Output variables. ##
## ----------------- ##

ACLOCAL='${SHELL} /mnt/beegfs/ior-3.3.0/config/missing aclocal-1.16'
AMDEPBACKSLASH='\'
AMDEP_FALSE='#'
AMDEP_TRUE=''
AMTAR='$${TAR-tar}'
AM_BACKSLASH='\'
AM_DEFAULT_V='$(AM_DEFAULT_VERBOSITY)'
AM_DEFAULT_VERBOSITY='0'
AM_V='$(V)'
AUTOCONF='${SHELL} /mnt/beegfs/ior-3.3.0/config/missing autoconf'
AUTOHEADER='${SHELL} /mnt/beegfs/ior-3.3.0/config/missing autoheader'
AUTOMAKE='${SHELL} /mnt/beegfs/ior-3.3.0/config/missing automake-1.16'
AWK='gawk'
AWS4C_CPPFLAGS=''
AWS4C_DIR_FALSE=''
AWS4C_DIR_TRUE='#'
AWS4C_LDFLAGS=''
CC='mpicc'
CCDEPMODE='depmode=gcc3'
CFLAGS='-g -O2'
CPP='mpicc -E'
CPPFLAGS=''
CYGPATH_W='echo'
DEFS='-DHAVE_CONFIG_H'
DEPDIR='.deps'
ECHO_C=''
ECHO_N='-n'
ECHO_T=''
EGREP='/usr/bin/grep -E'
EXEEXT=''
GREP='/usr/bin/grep'
INSTALL_DATA='${INSTALL} -m 644'
INSTALL_PROGRAM='${INSTALL}'
INSTALL_SCRIPT='${INSTALL}'
INSTALL_STRIP_PROGRAM='$(install_sh) -c -s'
LDFLAGS=''
LIBOBJS=''
LIBS='-lm '
LTLIBOBJS=''
MAINT='#'
MAINTAINER_MODE_FALSE=''
MAINTAINER_MODE_TRUE='#'
MAKEINFO='${SHELL} /mnt/beegfs/ior-3.3.0/config/missing makeinfo'
META_ALIAS='ior-3.3.0-0'
META_AUTHOR=''
META_DATE=''
META_LT_AGE=''
META_LT_CURRENT=''
META_LT_REVISION=''
META_NAME='ior'
META_RELEASE='0'
META_VERSION='3.3.0'
MKDIR_P='/usr/bin/mkdir -p'
MPICC=''
OBJEXT='o'
PACKAGE='ior'
PACKAGE_BUGREPORT=''
PACKAGE_NAME='ior'
PACKAGE_STRING='ior 3.3.0'
PACKAGE_TARNAME='ior'
PACKAGE_URL=''
PACKAGE_VERSION='3.3.0'
PATH_SEPARATOR=':'
RANLIB='ranlib'
SET_MAKE=''
SHELL='/bin/bash'
STRIP=''
USE_CAPS_FALSE=''
USE_CAPS_TRUE='#'
USE_CEPHFS_AIORI_FALSE=''
USE_CEPHFS_AIORI_TRUE='#'
USE_DAOS_AIORI_FALSE=''
USE_DAOS_AIORI_TRUE='#'
USE_GFARM_AIORI_FALSE=''
USE_GFARM_AIORI_TRUE='#'
USE_HDF5_AIORI_FALSE=''
USE_HDF5_AIORI_TRUE='#'
USE_HDFS_AIORI_FALSE=''
USE_HDFS_AIORI_TRUE='#'
USE_IME_AIORI_FALSE=''
USE_IME_AIORI_TRUE='#'
USE_MMAP_AIORI_FALSE='#'
USE_MMAP_AIORI_TRUE=''
USE_MPIIO_AIORI_FALSE='#'
USE_MPIIO_AIORI_TRUE=''
USE_NCMPI_AIORI_FALSE=''
USE_NCMPI_AIORI_TRUE='#'
USE_POSIX_AIORI_FALSE='#'
USE_POSIX_AIORI_TRUE=''
USE_RADOS_AIORI_FALSE=''
USE_RADOS_AIORI_TRUE='#'
USE_S3_AIORI_FALSE=''
USE_S3_AIORI_TRUE='#'
VERSION='3.3.0'
WITH_LUSTRE_FALSE=''
WITH_LUSTRE_TRUE='#'
ac_ct_CC='mpicc'
am__EXEEXT_FALSE=''
am__EXEEXT_TRUE='#'
am__fastdepCC_FALSE='#'
am__fastdepCC_TRUE=''
am__include='include'
am__isrc=''
am__leading_dot='.'
am__nodep='_no'
am__quote=''
am__tar='$${TAR-tar} chof - "$$tardir"'
am__untar='$${TAR-tar} xf -'
bindir='${exec_prefix}/bin'
build='x86_64-pc-linux-gnu'
build_alias=''
build_cpu='x86_64'
build_os='linux-gnu'
build_vendor='pc'
datadir='${datarootdir}'
datarootdir='${prefix}/share'
docdir='${datarootdir}/doc/${PACKAGE_TARNAME}'
dvidir='${docdir}'
exec_prefix='${prefix}'
host='x86_64-pc-linux-gnu'
host_alias=''
host_cpu='x86_64'
host_os='linux-gnu'
host_vendor='pc'
htmldir='${docdir}'
includedir='${prefix}/include'
infodir='${datarootdir}/info'
install_sh='${SHELL} /mnt/beegfs/ior-3.3.0/config/install-sh'
libdir='${exec_prefix}/lib'
libexecdir='${exec_prefix}/libexec'
localedir='${datarootdir}/locale'
localstatedir='${prefix}/var'
mandir='${datarootdir}/man'
mkdir_p='$(MKDIR_P)'
oldincludedir='/usr/include'
pdfdir='${docdir}'
prefix='/usr/local'
program_transform_name='s,x,x,'
psdir='${docdir}'
runstatedir='${localstatedir}/run'
sbindir='${exec_prefix}/sbin'
sharedstatedir='${prefix}/com'
sysconfdir='${prefix}/etc'
target_alias=''

## ----------- ##
## confdefs.h. ##
## ----------- ##

/* confdefs.h */
#define PACKAGE_NAME "ior"
#define PACKAGE_TARNAME "ior"
#define PACKAGE_VERSION "3.3.0"
#define PACKAGE_STRING "ior 3.3.0"
#define PACKAGE_BUGREPORT ""
#define PACKAGE_URL ""
#define META_NAME "ior"
#define META_VERSION "3.3.0"
#define META_RELEASE "0"
#define META_ALIAS "ior-3.3.0-0"
#define HAVE_MPI 1
#define STDC_HEADERS 1
#define HAVE_SYS_TYPES_H 1
#define HAVE_SYS_STAT_H 1
#define HAVE_STDLIB_H 1
#define HAVE_STRING_H 1
#define HAVE_MEMORY_H 1
#define HAVE_STRINGS_H 1
#define HAVE_INTTYPES_H 1
#define HAVE_STDINT_H 1
#define HAVE_UNISTD_H 1
#define HAVE_FCNTL_H 1
#define HAVE_LIBINTL_H 1
#define HAVE_STDLIB_H 1
#define HAVE_STRING_H 1
#define HAVE_STRINGS_H 1
#define HAVE_SYS_IOCTL_H 1
#define HAVE_SYS_PARAM_H 1
#define HAVE_SYS_STATFS_H 1
#define HAVE_SYS_STATVFS_H 1
#define HAVE_SYS_TIME_H 1
#define HAVE_SYS_PARAM_H 1
#define HAVE_SYS_MOUNT_H 1
#define HAVE_UNISTD_H 1
#define HAVE_WCHAR_H 1
#define HAVE_SYSCONF 1
#define HAVE_GETTIMEOFDAY 1
#define HAVE_MEMSET 1
#define HAVE_MKDIR 1
#define HAVE_PUTENV 1
#define HAVE_REALPATH 1
#define HAVE_REGCOMP 1
#define HAVE_STRCASECMP 1
#define HAVE_STRCHR 1
#define HAVE_STRERROR 1
#define HAVE_STRNCASECMP 1
#define HAVE_STRSTR 1
#define HAVE_UNAME 1
#define HAVE_STATFS 1
#define HAVE_STATVFS 1
#define _XOPEN_SOURCE 700
#define USE_MPIIO_AIORI /**/
#define USE_MMAP_AIORI /**/
#define USE_POSIX_AIORI /**/

configure: exit 0
